#-----------------------------------------------------------
# Vivado v2019.1 (64-bit)
# SW Build 2552052 on Fri May 24 14:47:09 MDT 2019
# IP Build 2548770 on Fri May 24 18:01:18 MDT 2019
# Start of session at: Thu Jul 27 15:16:27 2023
# Process ID: 383040
# Current directory: /nas/ei/home/ge34gak/iclab/skeleton
# Command line: vivado
# Log file: /nas/ei/home/ge34gak/iclab/skeleton/vivado.log
# Journal file: /nas/ei/home/ge34gak/iclab/skeleton/vivado.jou
#-----------------------------------------------------------
start_gui
open_project /nas/ei/home/ge34gak/iclab/skeleton/projlab/projlab.xpr
Scanning sources...
Finished scanning sources
INFO: [IP_Flow 19-234] Refreshing IP repositories
INFO: [IP_Flow 19-1704] No user IP repositories specified
INFO: [IP_Flow 19-2313] Loaded Vivado IP repository '/nfs/tools/xilinx/Vivado/2019.1/data/ip'.
reset_run synth_1
launch_runs synth_1 -jobs 2
[Thu Jul 27 15:17:35 2023] Launched synth_1...
Run output will be captured here: /nas/ei/home/ge34gak/iclab/skeleton/projlab/projlab.runs/synth_1/runme.log
update_files -from_files /nas/ei/home/ge34gak/iclab/skeleton/time_date.vhd -to_files /nas/ei/home/ge34gak/iclab/skeleton/projlab/projlab.srcs/sources_1/new/time_date.vhd -filesets [get_filesets *]
INFO: [filemgmt 20-762] Replacing file '/nas/ei/home/ge34gak/iclab/skeleton/projlab/projlab.srcs/sources_1/new/time_date.vhd' with file '/nas/ei/home/ge34gak/iclab/skeleton/time_date.vhd'.
update_files -from_files /nas/ei/home/ge34gak/iclab/skeleton/synchronize.vhd -to_files /nas/ei/home/ge34gak/iclab/skeleton/projlab/projlab.srcs/sources_1/new/synchronize.vhd -filesets [get_filesets *]
INFO: [filemgmt 20-762] Replacing file '/nas/ei/home/ge34gak/iclab/skeleton/projlab/projlab.srcs/sources_1/new/synchronize.vhd' with file '/nas/ei/home/ge34gak/iclab/skeleton/synchronize.vhd'.
add_files -norecurse -scan_for_includes {/nas/ei/home/ge34gak/iclab/skeleton/dcf_interpreter.vhd /nas/ei/home/ge34gak/iclab/skeleton/state_control.vhd}
import_files -norecurse {/nas/ei/home/ge34gak/iclab/skeleton/dcf_interpreter.vhd /nas/ei/home/ge34gak/iclab/skeleton/state_control.vhd}
reset_run synth_1
launch_runs synth_1 -jobs 2
[Thu Jul 27 15:19:58 2023] Launched synth_1...
Run output will be captured here: /nas/ei/home/ge34gak/iclab/skeleton/projlab/projlab.runs/synth_1/runme.log
update_files -from_files /nas/ei/home/ge34gak/iclab/skeleton/state_control.vhd -to_files /nas/ei/home/ge34gak/iclab/skeleton/projlab/projlab.srcs/sources_1/imports/skeleton/state_control.vhd -filesets [get_filesets *]
INFO: [filemgmt 20-762] Replacing file '/nas/ei/home/ge34gak/iclab/skeleton/projlab/projlab.srcs/sources_1/imports/skeleton/state_control.vhd' with file '/nas/ei/home/ge34gak/iclab/skeleton/state_control.vhd'.
INFO: [filemgmt 20-1080] Importing file from '/nas/ei/home/ge34gak/iclab/skeleton/state_control.vhd' to '/nas/ei/home/ge34gak/iclab/skeleton/projlab/projlab.srcs/sources_1/imports/skeleton/state_control.vhd'.
reset_run synth_1
launch_runs synth_1 -jobs 2
[Thu Jul 27 15:21:05 2023] Launched synth_1...
Run output will be captured here: /nas/ei/home/ge34gak/iclab/skeleton/projlab/projlab.runs/synth_1/runme.log
export_ip_user_files -of_objects  [get_files /nas/ei/home/ge34gak/iclab/skeleton/projlab/projlab.srcs/sources_1/imports/skeleton/state_control.vhd] -no_script -reset -force -quiet
remove_files  /nas/ei/home/ge34gak/iclab/skeleton/projlab/projlab.srcs/sources_1/imports/skeleton/state_control.vhd
add_files -norecurse -scan_for_includes /nas/ei/home/ge34gak/iclab/skeleton/state_control.vhd
import_files -force -norecurse /nas/ei/home/ge34gak/iclab/skeleton/state_control.vhd
reset_run synth_1
launch_runs synth_1 -jobs 2
[Thu Jul 27 15:22:44 2023] Launched synth_1...
Run output will be captured here: /nas/ei/home/ge34gak/iclab/skeleton/projlab/projlab.runs/synth_1/runme.log
reset_run synth_1
launch_runs synth_1 -jobs 2
[Thu Jul 27 15:24:02 2023] Launched synth_1...
Run output will be captured here: /nas/ei/home/ge34gak/iclab/skeleton/projlab/projlab.runs/synth_1/runme.log
reset_run synth_1
launch_runs synth_1 -jobs 2
[Thu Jul 27 15:25:11 2023] Launched synth_1...
Run output will be captured here: /nas/ei/home/ge34gak/iclab/skeleton/projlab/projlab.runs/synth_1/runme.log
launch_runs impl_1 -jobs 2
[Thu Jul 27 15:25:58 2023] Launched impl_1...
Run output will be captured here: /nas/ei/home/ge34gak/iclab/skeleton/projlab/projlab.runs/impl_1/runme.log
open_hw
connect_hw_server
INFO: [Labtools 27-2285] Connecting to hw_server url TCP:localhost:3121
disconnect_hw_server localhost:3121
connect_hw_server
INFO: [Labtools 27-2285] Connecting to hw_server url TCP:localhost:3121
launch_simulation
INFO: [Vivado 12-5682] Launching behavioral simulation in '/nas/ei/home/ge34gak/iclab/skeleton/projlab/projlab.sim/sim_1/behav/xsim'
INFO: [SIM-utils-51] Simulation object is 'sim_1'
INFO: [SIM-utils-54] Inspecting design source files for 'dcf_tb' in fileset 'sim_1'...
INFO: [USF-XSim-97] Finding global include files...
INFO: [USF-XSim-100] Fetching design files from 'sources_1'...(this may take a while)...
INFO: [USF-XSim-101] Fetching design files from 'sim_1'...
INFO: [USF-XSim-2] XSim::Compile design
INFO: [USF-XSim-61] Executing 'COMPILE and ANALYZE' step in '/nas/ei/home/ge34gak/iclab/skeleton/projlab/projlab.sim/sim_1/behav/xsim'
xvhdl --incr --relax -prj dcf_tb_vhdl.prj
ERROR: [XSIM 43-4316] Can not find file: ../../../../projlab.srcs/sources_1/new/dcf_tb.vhd
INFO: [USF-XSim-69] 'compile' step finished in '1' seconds
INFO: [USF-XSim-99] Step results log file:'/nas/ei/home/ge34gak/iclab/skeleton/projlab/projlab.sim/sim_1/behav/xsim/xvhdl.log'
ERROR: [USF-XSim-62] 'compile' step failed with error(s). Please check the Tcl console output or '/nas/ei/home/ge34gak/iclab/skeleton/projlab/projlab.sim/sim_1/behav/xsim/xvhdl.log' file for more information.
ERROR: [Vivado 12-4473] Detected error while running simulation. Please correct the issue and retry this operation.
ERROR: [Common 17-39] 'launch_simulation' failed due to earlier errors.
set_property top tb [get_filesets sim_1]
set_property top_lib MFclock [get_filesets sim_1]
reset_run synth_1
launch_runs impl_1 -to_step write_bitstream -jobs 2
[Thu Jul 27 15:28:49 2023] Launched synth_1...
Run output will be captured here: /nas/ei/home/ge34gak/iclab/skeleton/projlab/projlab.runs/synth_1/runme.log
[Thu Jul 27 15:28:49 2023] Launched impl_1...
Run output will be captured here: /nas/ei/home/ge34gak/iclab/skeleton/projlab/projlab.runs/impl_1/runme.log
disconnect_hw_server localhost:3121
connect_hw_server
INFO: [Labtools 27-2285] Connecting to hw_server url TCP:localhost:3121
close_hw
exit
INFO: [Common 17-206] Exiting Vivado at Thu Jul 27 15:30:49 2023...
