#-----------------------------------------------------------
# Vivado v2019.1 (64-bit)
# SW Build 2552052 on Fri May 24 14:47:09 MDT 2019
# IP Build 2548770 on Fri May 24 18:01:18 MDT 2019
# Start of session at: Thu Jul 27 15:32:51 2023
# Process ID: 3407
# Current directory: /nas/ei/home/ge34gak/iclab/skeleton
# Command line: vivado
# Log file: /nas/ei/home/ge34gak/iclab/skeleton/vivado.log
# Journal file: /nas/ei/home/ge34gak/iclab/skeleton/vivado.jou
#-----------------------------------------------------------
start_gui
open_project /nas/ei/home/ge34gak/iclab/skeleton/projlab/projlab.xpr
CRITICAL WARNING: [Project 1-19] Could not find the file '/nas/ei/home/ge34gak/iclab/skeleton/projlab/projlab.srcs/sources_1/new/dcf_tb.vhd'.
Scanning sources...
Finished scanning sources
INFO: [IP_Flow 19-234] Refreshing IP repositories
INFO: [IP_Flow 19-1704] No user IP repositories specified
INFO: [IP_Flow 19-2313] Loaded Vivado IP repository '/nfs/tools/xilinx/Vivado/2019.1/data/ip'.
open_project: Time (s): cpu = 00:00:10 ; elapsed = 00:00:06 . Memory (MB): peak = 6580.824 ; gain = 153.023 ; free physical = 24693 ; free virtual = 29236
open_hw
connect_hw_server
INFO: [Labtools 27-2285] Connecting to hw_server url TCP:localhost:3121
open_hw_target
INFO: [Labtoolstcl 44-466] Opening hw_target localhost:3121/xilinx_tcf/Digilent/210248571160
set_property PROGRAM.FILE {/nas/ei/home/ge34gak/iclab/skeleton/projlab/projlab.runs/impl_1/hardware.bit} [get_hw_devices xc7z020_1]
current_hw_device [get_hw_devices xc7z020_1]
refresh_hw_device -update_hw_probes false [lindex [get_hw_devices xc7z020_1] 0]
INFO: [Labtools 27-1434] Device xc7z020 (JTAG device index = 1) is programmed with a design that has no supported debug core(s) in it.
reset_run impl_1 -prev_step 
launch_runs impl_1 -to_step write_bitstream -jobs 2
[Thu Jul 27 15:33:33 2023] Launched impl_1...
Run output will be captured here: /nas/ei/home/ge34gak/iclab/skeleton/projlab/projlab.runs/impl_1/runme.log
set_property PROBES.FILE {} [get_hw_devices xc7z020_1]
set_property FULL_PROBES.FILE {} [get_hw_devices xc7z020_1]
set_property PROGRAM.FILE {/nas/ei/home/ge34gak/iclab/skeleton/projlab/projlab.runs/impl_1/hardware.bit} [get_hw_devices xc7z020_1]
program_hw_devices [get_hw_devices xc7z020_1]
INFO: [Labtools 27-3164] End of startup status: HIGH
refresh_hw_device [lindex [get_hw_devices xc7z020_1] 0]
INFO: [Labtools 27-1434] Device xc7z020 (JTAG device index = 1) is programmed with a design that has no supported debug core(s) in it.
reset_run synth_1
WARNING: [Vivado 12-1017] Problems encountered:
1. Failed to delete one or more files in run directory /nas/ei/home/ge34gak/iclab/skeleton/projlab/projlab.runs/synth_1

launch_runs impl_1 -to_step write_bitstream -jobs 2
[Thu Jul 27 15:37:21 2023] Launched synth_1...
Run output will be captured here: /nas/ei/home/ge34gak/iclab/skeleton/projlab/projlab.runs/synth_1/runme.log
[Thu Jul 27 15:37:21 2023] Launched impl_1...
Run output will be captured here: /nas/ei/home/ge34gak/iclab/skeleton/projlab/projlab.runs/impl_1/runme.log
set_property PROBES.FILE {} [get_hw_devices xc7z020_1]
set_property FULL_PROBES.FILE {} [get_hw_devices xc7z020_1]
set_property PROGRAM.FILE {/nas/ei/home/ge34gak/iclab/skeleton/projlab/projlab.runs/impl_1/hardware.bit} [get_hw_devices xc7z020_1]
program_hw_devices [get_hw_devices xc7z020_1]
INFO: [Labtools 27-3164] End of startup status: HIGH
refresh_hw_device [lindex [get_hw_devices xc7z020_1] 0]
INFO: [Labtools 27-1434] Device xc7z020 (JTAG device index = 1) is programmed with a design that has no supported debug core(s) in it.
reset_run synth_1
WARNING: [Vivado 12-1017] Problems encountered:
1. Failed to delete one or more files in run directory /nas/ei/home/ge34gak/iclab/skeleton/projlab/projlab.runs/synth_1

launch_runs synth_1 -jobs 2
[Thu Jul 27 15:42:39 2023] Launched synth_1...
Run output will be captured here: /nas/ei/home/ge34gak/iclab/skeleton/projlab/projlab.runs/synth_1/runme.log
launch_runs impl_1 -to_step write_bitstream -jobs 2
[Thu Jul 27 15:43:25 2023] Launched impl_1...
Run output will be captured here: /nas/ei/home/ge34gak/iclab/skeleton/projlab/projlab.runs/impl_1/runme.log
refresh_hw_device [lindex [get_hw_devices xc7z020_1] 0]
INFO: [Labtools 27-1434] Device xc7z020 (JTAG device index = 1) is programmed with a design that has no supported debug core(s) in it.
set_property PROBES.FILE {} [get_hw_devices xc7z020_1]
set_property FULL_PROBES.FILE {} [get_hw_devices xc7z020_1]
set_property PROGRAM.FILE {/nas/ei/home/ge34gak/iclab/skeleton/projlab/projlab.runs/impl_1/hardware.bit} [get_hw_devices xc7z020_1]
program_hw_devices [get_hw_devices xc7z020_1]
INFO: [Labtools 27-3164] End of startup status: HIGH
refresh_hw_device [lindex [get_hw_devices xc7z020_1] 0]
INFO: [Labtools 27-1434] Device xc7z020 (JTAG device index = 1) is programmed with a design that has no supported debug core(s) in it.
reset_run synth_1
WARNING: [Vivado 12-1017] Problems encountered:
1. Failed to delete one or more files in run directory /nas/ei/home/ge34gak/iclab/skeleton/projlab/projlab.runs/synth_1

launch_runs impl_1 -to_step write_bitstream -jobs 2
[Thu Jul 27 15:50:35 2023] Launched synth_1...
Run output will be captured here: /nas/ei/home/ge34gak/iclab/skeleton/projlab/projlab.runs/synth_1/runme.log
[Thu Jul 27 15:50:35 2023] Launched impl_1...
Run output will be captured here: /nas/ei/home/ge34gak/iclab/skeleton/projlab/projlab.runs/impl_1/runme.log
refresh_hw_device [lindex [get_hw_devices xc7z020_1] 0]
INFO: [Labtools 27-1434] Device xc7z020 (JTAG device index = 1) is programmed with a design that has no supported debug core(s) in it.
set_property PROBES.FILE {} [get_hw_devices xc7z020_1]
set_property FULL_PROBES.FILE {} [get_hw_devices xc7z020_1]
set_property PROGRAM.FILE {/nas/ei/home/ge34gak/iclab/skeleton/projlab/projlab.runs/impl_1/hardware.bit} [get_hw_devices xc7z020_1]
program_hw_devices [get_hw_devices xc7z020_1]
INFO: [Labtools 27-3164] End of startup status: HIGH
refresh_hw_device [lindex [get_hw_devices xc7z020_1] 0]
INFO: [Labtools 27-1434] Device xc7z020 (JTAG device index = 1) is programmed with a design that has no supported debug core(s) in it.
reset_run synth_1
WARNING: [Vivado 12-1017] Problems encountered:
1. Failed to delete one or more files in run directory /nas/ei/home/ge34gak/iclab/skeleton/projlab/projlab.runs/synth_1

launch_runs impl_1 -to_step write_bitstream -jobs 2
[Thu Jul 27 15:54:02 2023] Launched synth_1...
Run output will be captured here: /nas/ei/home/ge34gak/iclab/skeleton/projlab/projlab.runs/synth_1/runme.log
[Thu Jul 27 15:54:02 2023] Launched impl_1...
Run output will be captured here: /nas/ei/home/ge34gak/iclab/skeleton/projlab/projlab.runs/impl_1/runme.log
set_property PROBES.FILE {} [get_hw_devices xc7z020_1]
set_property FULL_PROBES.FILE {} [get_hw_devices xc7z020_1]
set_property PROGRAM.FILE {/nas/ei/home/ge34gak/iclab/skeleton/projlab/projlab.runs/impl_1/hardware.bit} [get_hw_devices xc7z020_1]
program_hw_devices [get_hw_devices xc7z020_1]
INFO: [Labtools 27-3164] End of startup status: HIGH
refresh_hw_device [lindex [get_hw_devices xc7z020_1] 0]
INFO: [Labtools 27-1434] Device xc7z020 (JTAG device index = 1) is programmed with a design that has no supported debug core(s) in it.
launch_simulation
INFO: [Vivado 12-5682] Launching behavioral simulation in '/nas/ei/home/ge34gak/iclab/skeleton/projlab/projlab.sim/sim_1/behav/xsim'
INFO: [SIM-utils-51] Simulation object is 'sim_1'
INFO: [SIM-utils-54] Inspecting design source files for 'tb' in fileset 'sim_1'...
INFO: [USF-XSim-97] Finding global include files...
INFO: [USF-XSim-100] Fetching design files from 'sources_1'...(this may take a while)...
INFO: [USF-XSim-101] Fetching design files from 'sim_1'...
INFO: [USF-XSim-2] XSim::Compile design
INFO: [USF-XSim-61] Executing 'COMPILE and ANALYZE' step in '/nas/ei/home/ge34gak/iclab/skeleton/projlab/projlab.sim/sim_1/behav/xsim'
xvhdl --incr --relax -prj tb_vhdl.prj
ERROR: [XSIM 43-4316] Can not find file: ../../../../projlab.srcs/sources_1/new/dcf_tb.vhd
INFO: [USF-XSim-69] 'compile' step finished in '1' seconds
INFO: [USF-XSim-99] Step results log file:'/nas/ei/home/ge34gak/iclab/skeleton/projlab/projlab.sim/sim_1/behav/xsim/xvhdl.log'
ERROR: [USF-XSim-62] 'compile' step failed with error(s). Please check the Tcl console output or '/nas/ei/home/ge34gak/iclab/skeleton/projlab/projlab.sim/sim_1/behav/xsim/xvhdl.log' file for more information.
ERROR: [Vivado 12-4473] Detected error while running simulation. Please correct the issue and retry this operation.
ERROR: [Common 17-39] 'launch_simulation' failed due to earlier errors.
reset_run synth_1
WARNING: [Vivado 12-1017] Problems encountered:
1. Failed to delete one or more files in run directory /nas/ei/home/ge34gak/iclab/skeleton/projlab/projlab.runs/synth_1

launch_runs impl_1 -to_step write_bitstream -jobs 2
[Thu Jul 27 16:46:16 2023] Launched synth_1...
Run output will be captured here: /nas/ei/home/ge34gak/iclab/skeleton/projlab/projlab.runs/synth_1/runme.log
[Thu Jul 27 16:46:16 2023] Launched impl_1...
Run output will be captured here: /nas/ei/home/ge34gak/iclab/skeleton/projlab/projlab.runs/impl_1/runme.log
set_property PROBES.FILE {} [get_hw_devices xc7z020_1]
set_property FULL_PROBES.FILE {} [get_hw_devices xc7z020_1]
set_property PROGRAM.FILE {/nas/ei/home/ge34gak/iclab/skeleton/projlab/projlab.runs/impl_1/hardware.bit} [get_hw_devices xc7z020_1]
program_hw_devices [get_hw_devices xc7z020_1]
INFO: [Labtools 27-3164] End of startup status: HIGH
refresh_hw_device [lindex [get_hw_devices xc7z020_1] 0]
INFO: [Labtools 27-1434] Device xc7z020 (JTAG device index = 1) is programmed with a design that has no supported debug core(s) in it.
reset_run synth_1
WARNING: [Vivado 12-1017] Problems encountered:
1. Failed to delete one or more files in run directory /nas/ei/home/ge34gak/iclab/skeleton/projlab/projlab.runs/synth_1

launch_runs impl_1 -to_step write_bitstream -jobs 2
[Thu Jul 27 16:49:41 2023] Launched synth_1...
Run output will be captured here: /nas/ei/home/ge34gak/iclab/skeleton/projlab/projlab.runs/synth_1/runme.log
[Thu Jul 27 16:49:41 2023] Launched impl_1...
Run output will be captured here: /nas/ei/home/ge34gak/iclab/skeleton/projlab/projlab.runs/impl_1/runme.log
refresh_hw_device [lindex [get_hw_devices xc7z020_1] 0]
INFO: [Labtools 27-1434] Device xc7z020 (JTAG device index = 1) is programmed with a design that has no supported debug core(s) in it.
set_property PROBES.FILE {} [get_hw_devices xc7z020_1]
set_property FULL_PROBES.FILE {} [get_hw_devices xc7z020_1]
set_property PROGRAM.FILE {/nas/ei/home/ge34gak/iclab/skeleton/projlab/projlab.runs/impl_1/hardware.bit} [get_hw_devices xc7z020_1]
program_hw_devices [get_hw_devices xc7z020_1]
INFO: [Labtools 27-3164] End of startup status: HIGH
refresh_hw_device [lindex [get_hw_devices xc7z020_1] 0]
INFO: [Labtools 27-1434] Device xc7z020 (JTAG device index = 1) is programmed with a design that has no supported debug core(s) in it.
reset_run synth_1
WARNING: [Vivado 12-1017] Problems encountered:
1. Failed to delete one or more files in run directory /nas/ei/home/ge34gak/iclab/skeleton/projlab/projlab.runs/synth_1

launch_runs impl_1 -to_step write_bitstream -jobs 2
[Thu Jul 27 16:53:57 2023] Launched synth_1...
Run output will be captured here: /nas/ei/home/ge34gak/iclab/skeleton/projlab/projlab.runs/synth_1/runme.log
[Thu Jul 27 16:53:57 2023] Launched impl_1...
Run output will be captured here: /nas/ei/home/ge34gak/iclab/skeleton/projlab/projlab.runs/impl_1/runme.log
set_property PROBES.FILE {} [get_hw_devices xc7z020_1]
set_property FULL_PROBES.FILE {} [get_hw_devices xc7z020_1]
set_property PROGRAM.FILE {/nas/ei/home/ge34gak/iclab/skeleton/projlab/projlab.runs/impl_1/hardware.bit} [get_hw_devices xc7z020_1]
program_hw_devices [get_hw_devices xc7z020_1]
INFO: [Labtools 27-3164] End of startup status: HIGH
refresh_hw_device [lindex [get_hw_devices xc7z020_1] 0]
INFO: [Labtools 27-1434] Device xc7z020 (JTAG device index = 1) is programmed with a design that has no supported debug core(s) in it.
reset_run synth_1
WARNING: [Vivado 12-1017] Problems encountered:
1. Failed to delete one or more files in run directory /nas/ei/home/ge34gak/iclab/skeleton/projlab/projlab.runs/synth_1

launch_runs impl_1 -to_step write_bitstream -jobs 2
[Thu Jul 27 16:59:42 2023] Launched synth_1...
Run output will be captured here: /nas/ei/home/ge34gak/iclab/skeleton/projlab/projlab.runs/synth_1/runme.log
[Thu Jul 27 16:59:42 2023] Launched impl_1...
Run output will be captured here: /nas/ei/home/ge34gak/iclab/skeleton/projlab/projlab.runs/impl_1/runme.log
set_property PROBES.FILE {} [get_hw_devices xc7z020_1]
set_property FULL_PROBES.FILE {} [get_hw_devices xc7z020_1]
set_property PROGRAM.FILE {/nas/ei/home/ge34gak/iclab/skeleton/projlab/projlab.runs/impl_1/hardware.bit} [get_hw_devices xc7z020_1]
program_hw_devices [get_hw_devices xc7z020_1]
INFO: [Labtools 27-3164] End of startup status: HIGH
refresh_hw_device [lindex [get_hw_devices xc7z020_1] 0]
INFO: [Labtools 27-1434] Device xc7z020 (JTAG device index = 1) is programmed with a design that has no supported debug core(s) in it.
open_run impl_1
INFO: [Device 21-403] Loading part xc7z020clg484-3
INFO: [Netlist 29-17] Analyzing 246 Unisim elements for replacement
INFO: [Netlist 29-28] Unisim Transformation completed in 0 CPU seconds
INFO: [Project 1-479] Netlist was created with Vivado 2019.1
INFO: [Project 1-570] Preparing netlist for logic optimization
INFO: [Timing 38-478] Restoring timing data from binary archive.
INFO: [Timing 38-479] Binary timing data restore complete.
INFO: [Project 1-856] Restoring constraints from binary archive.
INFO: [Project 1-853] Binary constraint restore complete.
Reading XDEF placement.
Reading placer database...
Reading XDEF routing.
Read XDEF File: Time (s): cpu = 00:00:00.10 ; elapsed = 00:00:00.11 . Memory (MB): peak = 8723.105 ; gain = 0.000 ; free physical = 20542 ; free virtual = 26295
Restored from archive | CPU: 0.100000 secs | Memory: 2.682968 MB |
Finished XDEF File Restore: Time (s): cpu = 00:00:00.10 ; elapsed = 00:00:00.11 . Memory (MB): peak = 8723.105 ; gain = 0.000 ; free physical = 20542 ; free virtual = 26295
Netlist sorting complete. Time (s): cpu = 00:00:00 ; elapsed = 00:00:00 . Memory (MB): peak = 8723.105 ; gain = 0.000 ; free physical = 20542 ; free virtual = 26296
INFO: [Project 1-111] Unisim Transformation Summary:
No Unisim elements were transformed.

open_run: Time (s): cpu = 00:00:15 ; elapsed = 00:00:10 . Memory (MB): peak = 8985.938 ; gain = 1068.695 ; free physical = 20453 ; free virtual = 26210
reset_run synth_1
WARNING: [Vivado 12-1017] Problems encountered:
1. Failed to delete one or more files in run directory /nas/ei/home/ge34gak/iclab/skeleton/projlab/projlab.runs/synth_1

launch_runs impl_1 -to_step write_bitstream -jobs 2
[Thu Jul 27 17:15:47 2023] Launched synth_1...
Run output will be captured here: /nas/ei/home/ge34gak/iclab/skeleton/projlab/projlab.runs/synth_1/runme.log
[Thu Jul 27 17:15:47 2023] Launched impl_1...
Run output will be captured here: /nas/ei/home/ge34gak/iclab/skeleton/projlab/projlab.runs/impl_1/runme.log
set_property PROBES.FILE {} [get_hw_devices xc7z020_1]
set_property FULL_PROBES.FILE {} [get_hw_devices xc7z020_1]
set_property PROGRAM.FILE {/nas/ei/home/ge34gak/iclab/skeleton/projlab/projlab.runs/impl_1/hardware.bit} [get_hw_devices xc7z020_1]
program_hw_devices [get_hw_devices xc7z020_1]
INFO: [Labtools 27-3164] End of startup status: HIGH
refresh_hw_device [lindex [get_hw_devices xc7z020_1] 0]
INFO: [Labtools 27-1434] Device xc7z020 (JTAG device index = 1) is programmed with a design that has no supported debug core(s) in it.
reset_run synth_1
WARNING: [Vivado 12-1017] Problems encountered:
1. Failed to delete one or more files in run directory /nas/ei/home/ge34gak/iclab/skeleton/projlab/projlab.runs/synth_1

launch_runs impl_1 -to_step write_bitstream -jobs 2
[Thu Jul 27 17:18:49 2023] Launched synth_1...
Run output will be captured here: /nas/ei/home/ge34gak/iclab/skeleton/projlab/projlab.runs/synth_1/runme.log
[Thu Jul 27 17:18:49 2023] Launched impl_1...
Run output will be captured here: /nas/ei/home/ge34gak/iclab/skeleton/projlab/projlab.runs/impl_1/runme.log
set_property PROBES.FILE {} [get_hw_devices xc7z020_1]
set_property FULL_PROBES.FILE {} [get_hw_devices xc7z020_1]
set_property PROGRAM.FILE {/nas/ei/home/ge34gak/iclab/skeleton/projlab/projlab.runs/impl_1/hardware.bit} [get_hw_devices xc7z020_1]
program_hw_devices [get_hw_devices xc7z020_1]
INFO: [Labtools 27-3164] End of startup status: HIGH
refresh_hw_device [lindex [get_hw_devices xc7z020_1] 0]
INFO: [Labtools 27-1434] Device xc7z020 (JTAG device index = 1) is programmed with a design that has no supported debug core(s) in it.
reset_run synth_1
WARNING: [Vivado 12-1017] Problems encountered:
1. Failed to delete one or more files in run directory /nas/ei/home/ge34gak/iclab/skeleton/projlab/projlab.runs/synth_1

launch_runs impl_1 -to_step write_bitstream -jobs 2
[Thu Jul 27 17:34:35 2023] Launched synth_1...
Run output will be captured here: /nas/ei/home/ge34gak/iclab/skeleton/projlab/projlab.runs/synth_1/runme.log
[Thu Jul 27 17:34:35 2023] Launched impl_1...
Run output will be captured here: /nas/ei/home/ge34gak/iclab/skeleton/projlab/projlab.runs/impl_1/runme.log
set_property PROBES.FILE {} [get_hw_devices xc7z020_1]
set_property FULL_PROBES.FILE {} [get_hw_devices xc7z020_1]
set_property PROGRAM.FILE {/nas/ei/home/ge34gak/iclab/skeleton/projlab/projlab.runs/impl_1/hardware.bit} [get_hw_devices xc7z020_1]
program_hw_devices [get_hw_devices xc7z020_1]
INFO: [Labtools 27-3164] End of startup status: HIGH
refresh_hw_device [lindex [get_hw_devices xc7z020_1] 0]
INFO: [Labtools 27-1434] Device xc7z020 (JTAG device index = 1) is programmed with a design that has no supported debug core(s) in it.
